0 info it worked if it ends with ok
1 verbose cli [ 'node', '/usr/local/bin/npm', 'uninstall', 'sass-watch' ]
2 info using npm@1.4.28
3 info using node@v0.10.32
4 verbose node_modules/sass-watch unbuild
5 info preuninstall sass-watch@0.1.0
6 info uninstall sass-watch@0.1.0
7 verbose true,/Users/jeremy/Dropbox/Projects/Disco Dance Floor/disco-floor-controller/node_modules,/Users/jeremy/Dropbox/Projects/Disco Dance Floor/disco-floor-controller/node_modules unbuild sass-watch@0.1.0
8 verbose /Users/jeremy/Dropbox/Projects/Disco Dance Floor/disco-floor-controller/node_modules/.bin,[object Object] binRoot
9 error Error: EACCES, unlink '/Users/jeremy/Dropbox/Projects/Disco Dance Floor/disco-floor-controller/node_modules/.bin/sass-watch'
9 error  { [Error: EACCES, unlink '/Users/jeremy/Dropbox/Projects/Disco Dance Floor/disco-floor-controller/node_modules/.bin/sass-watch']
9 error   errno: 3,
9 error   code: 'EACCES',
9 error   path: '/Users/jeremy/Dropbox/Projects/Disco Dance Floor/disco-floor-controller/node_modules/.bin/sass-watch' }
10 error Please try running this command again as root/Administrator.
11 error System Darwin 13.4.0
12 error command "node" "/usr/local/bin/npm" "uninstall" "sass-watch"
13 error cwd /Users/jeremy/Dropbox/Projects/Disco Dance Floor/disco-floor-controller
14 error node -v v0.10.32
15 error npm -v 1.4.28
16 error path /Users/jeremy/Dropbox/Projects/Disco Dance Floor/disco-floor-controller/node_modules/.bin/sass-watch
17 error code EACCES
18 error errno 3
19 error stack Error: EACCES, unlink '/Users/jeremy/Dropbox/Projects/Disco Dance Floor/disco-floor-controller/node_modules/.bin/sass-watch'
20 verbose exit [ 3, true ]
